C:\Program Files\Microsoft Visual Studio\2022\Community\MSBuild\Microsoft\VC\v170\Microsoft.CppBuild.targets(514,5): warning MSB8028: The intermediate directory (x64\Release\) contains files shared from another project (FrameworksMidTerm22.vcxproj, GraphicsProject1.vcxproj, Project1.vcxproj).  This can lead to incorrect clean and rebuild behavior.
  SceneEditor.cpp
D:\KPsDocuments\GDP1\Graphics\Projects\GraphicsEngine\SceneEditor.cpp(255,22): warning C4244: 'initializing': conversion from 'double' to 'float', possible loss of data
D:\KPsDocuments\GDP1\Graphics\Projects\GraphicsEngine\SceneEditor.cpp(633,58): warning C4267: 'initializing': conversion from 'size_t' to 'int', possible loss of data
D:\KPsDocuments\GDP1\Graphics\Projects\GraphicsEngine\SceneEditor.cpp(855,44): warning C4244: '=': conversion from 'int' to 'T', possible loss of data
          with
          [
              T=float
          ]
D:\KPsDocuments\GDP1\Graphics\Projects\GraphicsEngine\SceneEditor.cpp(856,45): warning C4244: '=': conversion from 'int' to 'T', possible loss of data
          with
          [
              T=float
          ]
  Generating code
  5 of 2754 functions ( 0.2%) were compiled, the rest were copied from previous compilation.
    0 functions were new in current compilation
    20 functions had inline decision re-evaluated but remain unchanged
  Finished generating code
  Project1.vcxproj -> D:\KPsDocuments\GDP1\Graphics\Projects\GraphicsEngine\x64\Release\GraphicsEngine.exe
