C:\Program Files\Microsoft Visual Studio\2022\Community\MSBuild\Microsoft\VC\v170\Microsoft.CppBuild.targets(514,5): warning MSB8028: The intermediate directory (x64\Debug\) contains files shared from another project (Project1.vcxproj).  This can lead to incorrect clean and rebuild behavior.
  PhysicsSimulation.cpp
D:\KPsDocuments\GDP1\Graphics\Projects\Project1\PhysicsSimulation.cpp(15,36): warning C4244: '+=': conversion from 'float' to 'int', possible loss of data
D:\KPsDocuments\GDP1\Graphics\Projects\Project1\PhysicsSimulation.cpp(16,36): warning C4244: '+=': conversion from 'float' to 'int', possible loss of data
D:\KPsDocuments\GDP1\Graphics\Projects\Project1\PhysicsSimulation.cpp(17,30): warning C4244: '+=': conversion from 'float' to 'int', possible loss of data
D:\KPsDocuments\GDP1\Graphics\Projects\Project1\PhysicsSimulation.cpp(109,46): warning C4267: '=': conversion from 'size_t' to 'unsigned int', possible loss of data
D:\KPsDocuments\GDP1\Graphics\Projects\Project1\PhysicsSimulation.cpp(111,21): warning C4018: '<': signed/unsigned mismatch
D:\KPsDocuments\GDP1\Graphics\Projects\Project1\PhysicsSimulation.cpp(137,42): warning C4267: '=': conversion from 'size_t' to 'unsigned int', possible loss of data
D:\KPsDocuments\GDP1\Graphics\Projects\Project1\PhysicsSimulation.cpp(366,19): warning C4018: '<': signed/unsigned mismatch
D:\KPsDocuments\GDP1\Graphics\Projects\Project1\PhysicsSimulation.cpp(368,20): warning C4018: '<': signed/unsigned mismatch
D:\KPsDocuments\GDP1\Graphics\Projects\Project1\PhysicsSimulation.cpp(411,20): warning C4018: '<': signed/unsigned mismatch
D:\KPsDocuments\GDP1\Graphics\Projects\Project1\PhysicsSimulation.cpp(361,24): warning C4101: 'unused2': unreferenced local variable
D:\KPsDocuments\GDP1\Graphics\Projects\Project1\PhysicsSimulation.cpp(361,15): warning C4101: 'unused1': unreferenced local variable
glfw3.lib(init.obj) : warning LNK4099: PDB 'glfw3.pdb' was not found with 'glfw3.lib(init.obj)' or at 'D:\KPsDocuments\GDP1\Graphics\Projects\Project1\x64\Debug\glfw3.pdb'; linking object as if no debug info
glfw3.lib(monitor.obj) : warning LNK4099: PDB 'glfw3.pdb' was not found with 'glfw3.lib(monitor.obj)' or at 'D:\KPsDocuments\GDP1\Graphics\Projects\Project1\x64\Debug\glfw3.pdb'; linking object as if no debug info
glfw3.lib(window.obj) : warning LNK4099: PDB 'glfw3.pdb' was not found with 'glfw3.lib(window.obj)' or at 'D:\KPsDocuments\GDP1\Graphics\Projects\Project1\x64\Debug\glfw3.pdb'; linking object as if no debug info
glfw3.lib(input.obj) : warning LNK4099: PDB 'glfw3.pdb' was not found with 'glfw3.lib(input.obj)' or at 'D:\KPsDocuments\GDP1\Graphics\Projects\Project1\x64\Debug\glfw3.pdb'; linking object as if no debug info
glfw3.lib(win32_window.obj) : warning LNK4099: PDB 'glfw3.pdb' was not found with 'glfw3.lib(win32_window.obj)' or at 'D:\KPsDocuments\GDP1\Graphics\Projects\Project1\x64\Debug\glfw3.pdb'; linking object as if no debug info
glfw3.lib(context.obj) : warning LNK4099: PDB 'glfw3.pdb' was not found with 'glfw3.lib(context.obj)' or at 'D:\KPsDocuments\GDP1\Graphics\Projects\Project1\x64\Debug\glfw3.pdb'; linking object as if no debug info
glfw3.lib(win32_init.obj) : warning LNK4099: PDB 'glfw3.pdb' was not found with 'glfw3.lib(win32_init.obj)' or at 'D:\KPsDocuments\GDP1\Graphics\Projects\Project1\x64\Debug\glfw3.pdb'; linking object as if no debug info
glfw3.lib(win32_monitor.obj) : warning LNK4099: PDB 'glfw3.pdb' was not found with 'glfw3.lib(win32_monitor.obj)' or at 'D:\KPsDocuments\GDP1\Graphics\Projects\Project1\x64\Debug\glfw3.pdb'; linking object as if no debug info
glfw3.lib(win32_time.obj) : warning LNK4099: PDB 'glfw3.pdb' was not found with 'glfw3.lib(win32_time.obj)' or at 'D:\KPsDocuments\GDP1\Graphics\Projects\Project1\x64\Debug\glfw3.pdb'; linking object as if no debug info
glfw3.lib(win32_thread.obj) : warning LNK4099: PDB 'glfw3.pdb' was not found with 'glfw3.lib(win32_thread.obj)' or at 'D:\KPsDocuments\GDP1\Graphics\Projects\Project1\x64\Debug\glfw3.pdb'; linking object as if no debug info
glfw3.lib(vulkan.obj) : warning LNK4099: PDB 'glfw3.pdb' was not found with 'glfw3.lib(vulkan.obj)' or at 'D:\KPsDocuments\GDP1\Graphics\Projects\Project1\x64\Debug\glfw3.pdb'; linking object as if no debug info
glfw3.lib(win32_joystick.obj) : warning LNK4099: PDB 'glfw3.pdb' was not found with 'glfw3.lib(win32_joystick.obj)' or at 'D:\KPsDocuments\GDP1\Graphics\Projects\Project1\x64\Debug\glfw3.pdb'; linking object as if no debug info
glfw3.lib(wgl_context.obj) : warning LNK4099: PDB 'glfw3.pdb' was not found with 'glfw3.lib(wgl_context.obj)' or at 'D:\KPsDocuments\GDP1\Graphics\Projects\Project1\x64\Debug\glfw3.pdb'; linking object as if no debug info
glfw3.lib(egl_context.obj) : warning LNK4099: PDB 'glfw3.pdb' was not found with 'glfw3.lib(egl_context.obj)' or at 'D:\KPsDocuments\GDP1\Graphics\Projects\Project1\x64\Debug\glfw3.pdb'; linking object as if no debug info
glfw3.lib(osmesa_context.obj) : warning LNK4099: PDB 'glfw3.pdb' was not found with 'glfw3.lib(osmesa_context.obj)' or at 'D:\KPsDocuments\GDP1\Graphics\Projects\Project1\x64\Debug\glfw3.pdb'; linking object as if no debug info
  Project1.vcxproj -> D:\KPsDocuments\GDP1\Graphics\Projects\Project1\x64\Debug\GraphicsProject1.exe
