d:\kpsdocuments\gdp1\graphics\projects\project1\x64\debug\vc143.pdb
d:\kpsdocuments\gdp1\graphics\projects\project1\x64\debug\vc143.idb
d:\kpsdocuments\gdp1\graphics\projects\project1\x64\debug\glad.obj
d:\kpsdocuments\gdp1\graphics\projects\project1\x64\debug\shadermanager.obj
d:\kpsdocuments\gdp1\graphics\projects\project1\x64\debug\shader.obj
d:\kpsdocuments\gdp1\graphics\projects\project1\x64\debug\meshobject.obj
d:\kpsdocuments\gdp1\graphics\projects\project1\x64\debug\lightmanager.obj
d:\kpsdocuments\gdp1\graphics\projects\project1\x64\debug\light.obj
d:\kpsdocuments\gdp1\graphics\projects\project1\x64\debug\lighthelper.obj
d:\kpsdocuments\gdp1\graphics\projects\project1\x64\debug\globalthings.obj
d:\kpsdocuments\gdp1\graphics\projects\project1\x64\debug\gameview.obj
d:\kpsdocuments\gdp1\graphics\projects\project1\x64\debug\vaomanager.obj
d:\kpsdocuments\gdp1\graphics\projects\project1\x64\debug\keyboardcallbackfunctions.obj
d:\kpsdocuments\gdp1\graphics\projects\project1\x64\debug\transform.obj
d:\kpsdocuments\gdp1\graphics\projects\project1\x64\debug\gameobject.obj
d:\kpsdocuments\gdp1\graphics\projects\project1\x64\debug\editor_window.obj
d:\kpsdocuments\gdp1\graphics\projects\project1\x64\debug\project1.exe
d:\kpsdocuments\gdp1\graphics\projects\project1\x64\debug\project1.ilk
d:\kpsdocuments\gdp1\graphics\projects\project1\x64\debug\project1.pdb
d:\kpsdocuments\gdp1\graphics\projects\project1\x64\debug\project1.tlog\cl.command.1.tlog
d:\kpsdocuments\gdp1\graphics\projects\project1\x64\debug\project1.tlog\cl.read.1.tlog
d:\kpsdocuments\gdp1\graphics\projects\project1\x64\debug\project1.tlog\cl.write.1.tlog
d:\kpsdocuments\gdp1\graphics\projects\project1\x64\debug\project1.tlog\link.command.1.tlog
d:\kpsdocuments\gdp1\graphics\projects\project1\x64\debug\project1.tlog\link.read.1.tlog
d:\kpsdocuments\gdp1\graphics\projects\project1\x64\debug\project1.tlog\link.write.1.tlog
